2015-03-23 12:47:20 7544 [Note] Plugin 'FEDERATED' is disabled.
2015-03-23 12:47:21 7544 [Note] InnoDB: Using atomics to ref count buffer pool pages
2015-03-23 12:47:21 7544 [Note] InnoDB: The InnoDB memory heap is disabled
2015-03-23 12:47:21 7544 [Note] InnoDB: Mutexes and rw_locks use Windows interlocked functions
2015-03-23 12:47:21 7544 [Note] InnoDB: Compressed tables use zlib 1.2.3
2015-03-23 12:47:21 7544 [Note] InnoDB: Not using CPU crc32 instructions
2015-03-23 12:47:21 7544 [Note] InnoDB: Initializing buffer pool, size = 128.0M
2015-03-23 12:47:21 7544 [Note] InnoDB: Completed initialization of buffer pool
2015-03-23 12:47:21 7544 [Note] InnoDB: Highest supported file format is Barracuda.
2015-03-23 12:47:21 7544 [Note] InnoDB: 128 rollback segment(s) are active.
2015-03-23 12:47:22 7544 [Note] InnoDB: Waiting for purge to start
2015-03-23 12:47:22 7544 [Note] InnoDB: 5.6.17 started; log sequence number 1625977
2015-03-23 12:47:22 7544 [Warning] No existing UUID has been found, so we assume that this is the first time that this server has been started. Generating a new UUID: 46c7dacb-d17c-11e4-9e36-34e6d7417d00.
2015-03-23 12:47:22 7544 [Note] Server hostname (bind-address): '*'; port: 3306
2015-03-23 12:47:22 7544 [Note] IPv6 is available.
2015-03-23 12:47:22 7544 [Note]   - '::' resolves to '::';
2015-03-23 12:47:22 7544 [Note] Server socket created on IP: '::'.
2015-03-23 12:47:23 7544 [Note] Event Scheduler: Loaded 0 events
2015-03-23 12:47:23 7544 [Note] wampmysqld64: ready for connections.
Version: '5.6.17'  socket: ''  port: 3306  MySQL Community Server (GPL)
2015-03-24 14:06:51 7544 [Warning] Did not write failed 'REVOKE ALL PRIVILEGES ON `amr\_old`.* FROM 'root'@'localhost'' into binary log while granting/revoking privileges in databases.
2015-03-24 15:09:08 7544 [Note] wampmysqld64: Normal shutdown

2015-03-24 15:09:08 7544 [Note] Giving 0 client threads a chance to die gracefully
2015-03-24 15:09:08 7544 [Note] Event Scheduler: Purging the queue. 0 events
2015-03-24 15:09:08 7544 [Note] Shutting down slave threads
2015-03-24 15:09:08 7544 [Note] Forcefully disconnecting 0 remaining clients
2015-03-24 15:09:08 7544 [Note] Binlog end
2015-03-24 15:09:08 7544 [Note] Shutting down plugin 'partition'
2015-03-24 15:09:08 7544 [Note] Shutting down plugin 'PERFORMANCE_SCHEMA'
2015-03-24 15:09:08 7544 [Note] Shutting down plugin 'INNODB_SYS_DATAFILES'
2015-03-24 15:09:08 7544 [Note] Shutting down plugin 'INNODB_SYS_TABLESPACES'
2015-03-24 15:09:08 7544 [Note] Shutting down plugin 'INNODB_SYS_FOREIGN_COLS'
2015-03-24 15:09:08 7544 [Note] Shutting down plugin 'INNODB_SYS_FOREIGN'
2015-03-24 15:09:08 7544 [Note] Shutting down plugin 'INNODB_SYS_FIELDS'
2015-03-24 15:09:08 7544 [Note] Shutting down plugin 'INNODB_SYS_COLUMNS'
2015-03-24 15:09:08 7544 [Note] Shutting down plugin 'INNODB_SYS_INDEXES'
2015-03-24 15:09:08 7544 [Note] Shutting down plugin 'INNODB_SYS_TABLESTATS'
2015-03-24 15:09:08 7544 [Note] Shutting down plugin 'INNODB_SYS_TABLES'
2015-03-24 15:09:08 7544 [Note] Shutting down plugin 'INNODB_FT_INDEX_TABLE'
2015-03-24 15:09:08 7544 [Note] Shutting down plugin 'INNODB_FT_INDEX_CACHE'
2015-03-24 15:09:08 7544 [Note] Shutting down plugin 'INNODB_FT_CONFIG'
2015-03-24 15:09:08 7544 [Note] Shutting down plugin 'INNODB_FT_BEING_DELETED'
2015-03-24 15:09:08 7544 [Note] Shutting down plugin 'INNODB_FT_DELETED'
2015-03-24 15:09:08 7544 [Note] Shutting down plugin 'INNODB_FT_DEFAULT_STOPWORD'
2015-03-24 15:09:08 7544 [Note] Shutting down plugin 'INNODB_METRICS'
2015-03-24 15:09:08 7544 [Note] Shutting down plugin 'INNODB_BUFFER_POOL_STATS'
2015-03-24 15:09:08 7544 [Note] Shutting down plugin 'INNODB_BUFFER_PAGE_LRU'
2015-03-24 15:09:08 7544 [Note] Shutting down plugin 'INNODB_BUFFER_PAGE'
2015-03-24 15:09:08 7544 [Note] Shutting down plugin 'INNODB_CMP_PER_INDEX_RESET'
2015-03-24 15:09:08 7544 [Note] Shutting down plugin 'INNODB_CMP_PER_INDEX'
2015-03-24 15:09:08 7544 [Note] Shutting down plugin 'INNODB_CMPMEM_RESET'
2015-03-24 15:09:08 7544 [Note] Shutting down plugin 'INNODB_CMPMEM'
2015-03-24 15:09:08 7544 [Note] Shutting down plugin 'INNODB_CMP_RESET'
2015-03-24 15:09:08 7544 [Note] Shutting down plugin 'INNODB_CMP'
2015-03-24 15:09:08 7544 [Note] Shutting down plugin 'INNODB_LOCK_WAITS'
2015-03-24 15:09:08 7544 [Note] Shutting down plugin 'INNODB_LOCKS'
2015-03-24 15:09:08 7544 [Note] Shutting down plugin 'INNODB_TRX'
2015-03-24 15:09:08 7544 [Note] Shutting down plugin 'InnoDB'
2015-03-24 15:09:08 7544 [Note] InnoDB: FTS optimize thread exiting.
2015-03-24 15:09:08 7544 [Note] InnoDB: Starting shutdown...
2015-03-24 15:09:10 7544 [Note] InnoDB: Shutdown completed; log sequence number 1625987
2015-03-24 15:09:10 7544 [Note] Shutting down plugin 'BLACKHOLE'
2015-03-24 15:09:10 7544 [Note] Shutting down plugin 'ARCHIVE'
2015-03-24 15:09:10 7544 [Note] Shutting down plugin 'MRG_MYISAM'
2015-03-24 15:09:10 7544 [Note] Shutting down plugin 'MyISAM'
2015-03-24 15:09:10 7544 [Note] Shutting down plugin 'MEMORY'
2015-03-24 15:09:10 7544 [Note] Shutting down plugin 'CSV'
2015-03-24 15:09:10 7544 [Note] Shutting down plugin 'sha256_password'
2015-03-24 15:09:10 7544 [Note] Shutting down plugin 'mysql_old_password'
2015-03-24 15:09:10 7544 [Note] Shutting down plugin 'mysql_native_password'
2015-03-24 15:09:10 7544 [Note] Shutting down plugin 'binlog'
2015-03-24 15:09:10 7544 [Note] wampmysqld64: Shutdown complete

2015-03-24 15:14:05 9496 [Note] Plugin 'FEDERATED' is disabled.
2015-03-24 15:14:05 9496 [Note] InnoDB: Using atomics to ref count buffer pool pages
2015-03-24 15:14:05 9496 [Note] InnoDB: The InnoDB memory heap is disabled
2015-03-24 15:14:05 9496 [Note] InnoDB: Mutexes and rw_locks use Windows interlocked functions
2015-03-24 15:14:05 9496 [Note] InnoDB: Compressed tables use zlib 1.2.3
2015-03-24 15:14:05 9496 [Note] InnoDB: Not using CPU crc32 instructions
2015-03-24 15:14:05 9496 [Note] InnoDB: Initializing buffer pool, size = 128.0M
2015-03-24 15:14:05 9496 [Note] InnoDB: Completed initialization of buffer pool
2015-03-24 15:14:05 9496 [Note] InnoDB: Highest supported file format is Barracuda.
2015-03-24 15:14:05 9496 [Note] InnoDB: 128 rollback segment(s) are active.
2015-03-24 15:14:05 9496 [Note] InnoDB: Waiting for purge to start
2015-03-24 15:14:05 9496 [Note] InnoDB: 5.6.17 started; log sequence number 1625987
2015-03-24 15:14:05 9496 [Note] Server hostname (bind-address): '*'; port: 3306
2015-03-24 15:14:05 9496 [Note] IPv6 is available.
2015-03-24 15:14:05 9496 [Note]   - '::' resolves to '::';
2015-03-24 15:14:05 9496 [Note] Server socket created on IP: '::'.
2015-03-24 15:14:06 9496 [Note] Event Scheduler: Loaded 0 events
2015-03-24 15:14:06 9496 [Note] wampmysqld64: ready for connections.
Version: '5.6.17'  socket: ''  port: 3306  MySQL Community Server (GPL)
2015-03-24 15:21:22 9496 [Note] wampmysqld64: Normal shutdown

2015-03-24 15:21:22 9496 [Note] Giving 0 client threads a chance to die gracefully
2015-03-24 15:21:22 9496 [Note] Event Scheduler: Purging the queue. 0 events
2015-03-24 15:21:22 9496 [Note] Shutting down slave threads
2015-03-24 15:21:22 9496 [Note] Forcefully disconnecting 0 remaining clients
2015-03-24 15:21:22 9496 [Note] Binlog end
2015-03-24 15:21:22 9496 [Note] Shutting down plugin 'partition'
2015-03-24 15:21:22 9496 [Note] Shutting down plugin 'PERFORMANCE_SCHEMA'
2015-03-24 15:21:22 9496 [Note] Shutting down plugin 'INNODB_SYS_DATAFILES'
2015-03-24 15:21:22 9496 [Note] Shutting down plugin 'INNODB_SYS_TABLESPACES'
2015-03-24 15:21:22 9496 [Note] Shutting down plugin 'INNODB_SYS_FOREIGN_COLS'
2015-03-24 15:21:22 9496 [Note] Shutting down plugin 'INNODB_SYS_FOREIGN'
2015-03-24 15:21:22 9496 [Note] Shutting down plugin 'INNODB_SYS_FIELDS'
2015-03-24 15:21:22 9496 [Note] Shutting down plugin 'INNODB_SYS_COLUMNS'
2015-03-24 15:21:22 9496 [Note] Shutting down plugin 'INNODB_SYS_INDEXES'
2015-03-24 15:21:22 9496 [Note] Shutting down plugin 'INNODB_SYS_TABLESTATS'
2015-03-24 15:21:22 9496 [Note] Shutting down plugin 'INNODB_SYS_TABLES'
2015-03-24 15:21:22 9496 [Note] Shutting down plugin 'INNODB_FT_INDEX_TABLE'
2015-03-24 15:21:22 9496 [Note] Shutting down plugin 'INNODB_FT_INDEX_CACHE'
2015-03-24 15:21:22 9496 [Note] Shutting down plugin 'INNODB_FT_CONFIG'
2015-03-24 15:21:22 9496 [Note] Shutting down plugin 'INNODB_FT_BEING_DELETED'
2015-03-24 15:21:22 9496 [Note] Shutting down plugin 'INNODB_FT_DELETED'
2015-03-24 15:21:22 9496 [Note] Shutting down plugin 'INNODB_FT_DEFAULT_STOPWORD'
2015-03-24 15:21:22 9496 [Note] Shutting down plugin 'INNODB_METRICS'
2015-03-24 15:21:22 9496 [Note] Shutting down plugin 'INNODB_BUFFER_POOL_STATS'
2015-03-24 15:21:22 9496 [Note] Shutting down plugin 'INNODB_BUFFER_PAGE_LRU'
2015-03-24 15:21:22 9496 [Note] Shutting down plugin 'INNODB_BUFFER_PAGE'
2015-03-24 15:21:22 9496 [Note] Shutting down plugin 'INNODB_CMP_PER_INDEX_RESET'
2015-03-24 15:21:22 9496 [Note] Shutting down plugin 'INNODB_CMP_PER_INDEX'
2015-03-24 15:21:22 9496 [Note] Shutting down plugin 'INNODB_CMPMEM_RESET'
2015-03-24 15:21:22 9496 [Note] Shutting down plugin 'INNODB_CMPMEM'
2015-03-24 15:21:22 9496 [Note] Shutting down plugin 'INNODB_CMP_RESET'
2015-03-24 15:21:22 9496 [Note] Shutting down plugin 'INNODB_CMP'
2015-03-24 15:21:22 9496 [Note] Shutting down plugin 'INNODB_LOCK_WAITS'
2015-03-24 15:21:22 9496 [Note] Shutting down plugin 'INNODB_LOCKS'
2015-03-24 15:21:22 9496 [Note] Shutting down plugin 'INNODB_TRX'
2015-03-24 15:21:22 9496 [Note] Shutting down plugin 'InnoDB'
2015-03-24 15:21:22 9496 [Note] InnoDB: FTS optimize thread exiting.
2015-03-24 15:21:22 9496 [Note] InnoDB: Starting shutdown...
2015-03-24 15:21:23 9496 [Note] InnoDB: Shutdown completed; log sequence number 1625997
2015-03-24 15:21:23 9496 [Note] Shutting down plugin 'BLACKHOLE'
2015-03-24 15:21:23 9496 [Note] Shutting down plugin 'ARCHIVE'
2015-03-24 15:21:23 9496 [Note] Shutting down plugin 'MRG_MYISAM'
2015-03-24 15:21:23 9496 [Note] Shutting down plugin 'MyISAM'
2015-03-24 15:21:23 9496 [Note] Shutting down plugin 'MEMORY'
2015-03-24 15:21:23 9496 [Note] Shutting down plugin 'CSV'
2015-03-24 15:21:23 9496 [Note] Shutting down plugin 'sha256_password'
2015-03-24 15:21:23 9496 [Note] Shutting down plugin 'mysql_old_password'
2015-03-24 15:21:23 9496 [Note] Shutting down plugin 'mysql_native_password'
2015-03-24 15:21:23 9496 [Note] Shutting down plugin 'binlog'
2015-03-24 15:21:23 9496 [Note] wampmysqld64: Shutdown complete

2015-03-24 15:24:35 5240 [Note] Plugin 'FEDERATED' is disabled.
2015-03-24 15:24:35 5240 [Note] InnoDB: Using atomics to ref count buffer pool pages
2015-03-24 15:24:35 5240 [Note] InnoDB: The InnoDB memory heap is disabled
2015-03-24 15:24:35 5240 [Note] InnoDB: Mutexes and rw_locks use Windows interlocked functions
2015-03-24 15:24:35 5240 [Note] InnoDB: Compressed tables use zlib 1.2.3
2015-03-24 15:24:35 5240 [Note] InnoDB: Not using CPU crc32 instructions
2015-03-24 15:24:35 5240 [Note] InnoDB: Initializing buffer pool, size = 128.0M
2015-03-24 15:24:35 5240 [Note] InnoDB: Completed initialization of buffer pool
2015-03-24 15:24:35 5240 [Note] InnoDB: Highest supported file format is Barracuda.
2015-03-24 15:24:35 5240 [Note] InnoDB: 128 rollback segment(s) are active.
2015-03-24 15:24:35 5240 [Note] InnoDB: Waiting for purge to start
2015-03-24 15:24:35 5240 [Note] InnoDB: 5.6.17 started; log sequence number 1625977
2015-03-24 15:24:35 5240 [Note] Server hostname (bind-address): '*'; port: 3306
2015-03-24 15:24:35 5240 [Note] IPv6 is available.
2015-03-24 15:24:35 5240 [Note]   - '::' resolves to '::';
2015-03-24 15:24:35 5240 [Note] Server socket created on IP: '::'.
2015-03-24 15:24:35 5240 [Note] Event Scheduler: Loaded 0 events
2015-03-24 15:24:35 5240 [Note] wampmysqld64: ready for connections.
Version: '5.6.17'  socket: ''  port: 3306  MySQL Community Server (GPL)
2015-03-27 10:11:34 5240 [Note] wampmysqld64: Normal shutdown

2015-03-27 10:11:35 5240 [Note] Giving 0 client threads a chance to die gracefully
2015-03-27 10:11:35 5240 [Note] Event Scheduler: Purging the queue. 0 events
2015-03-27 10:11:35 5240 [Note] Shutting down slave threads
2015-03-27 10:11:35 5240 [Note] Forcefully disconnecting 0 remaining clients
2015-03-27 10:11:35 5240 [Note] Binlog end
2015-03-27 10:11:44 5240 [Note] Shutting down plugin 'partition'
2015-03-27 10:11:44 5240 [Note] Shutting down plugin 'PERFORMANCE_SCHEMA'
2015-03-27 10:11:44 5240 [Note] Shutting down plugin 'INNODB_SYS_DATAFILES'
2015-03-27 10:11:44 5240 [Note] Shutting down plugin 'INNODB_SYS_TABLESPACES'
2015-03-27 10:11:44 5240 [Note] Shutting down plugin 'INNODB_SYS_FOREIGN_COLS'
2015-03-27 10:11:44 5240 [Note] Shutting down plugin 'INNODB_SYS_FOREIGN'
2015-03-27 10:11:44 5240 [Note] Shutting down plugin 'INNODB_SYS_FIELDS'
2015-03-27 10:11:44 5240 [Note] Shutting down plugin 'INNODB_SYS_COLUMNS'
2015-03-27 10:11:44 5240 [Note] Shutting down plugin 'INNODB_SYS_INDEXES'
2015-03-27 10:11:44 5240 [Note] Shutting down plugin 'INNODB_SYS_TABLESTATS'
2015-03-27 10:11:44 5240 [Note] Shutting down plugin 'INNODB_SYS_TABLES'
2015-03-27 10:11:44 5240 [Note] Shutting down plugin 'INNODB_FT_INDEX_TABLE'
2015-03-27 10:11:44 5240 [Note] Shutting down plugin 'INNODB_FT_INDEX_CACHE'
2015-03-27 10:11:44 5240 [Note] Shutting down plugin 'INNODB_FT_CONFIG'
2015-03-27 10:11:44 5240 [Note] Shutting down plugin 'INNODB_FT_BEING_DELETED'
2015-03-27 10:11:44 5240 [Note] Shutting down plugin 'INNODB_FT_DELETED'
2015-03-27 10:11:44 5240 [Note] Shutting down plugin 'INNODB_FT_DEFAULT_STOPWORD'
2015-03-27 10:11:44 5240 [Note] Shutting down plugin 'INNODB_METRICS'
2015-03-27 10:11:44 5240 [Note] Shutting down plugin 'INNODB_BUFFER_POOL_STATS'
2015-03-27 10:11:44 5240 [Note] Shutting down plugin 'INNODB_BUFFER_PAGE_LRU'
2015-03-27 10:11:44 5240 [Note] Shutting down plugin 'INNODB_BUFFER_PAGE'
2015-03-27 10:11:44 5240 [Note] Shutting down plugin 'INNODB_CMP_PER_INDEX_RESET'
2015-03-27 10:11:44 5240 [Note] Shutting down plugin 'INNODB_CMP_PER_INDEX'
2015-03-27 10:11:44 5240 [Note] Shutting down plugin 'INNODB_CMPMEM_RESET'
2015-03-27 10:11:44 5240 [Note] Shutting down plugin 'INNODB_CMPMEM'
2015-03-27 10:11:44 5240 [Note] Shutting down plugin 'INNODB_CMP_RESET'
2015-03-27 10:11:44 5240 [Note] Shutting down plugin 'INNODB_CMP'
2015-03-27 10:11:44 5240 [Note] Shutting down plugin 'INNODB_LOCK_WAITS'
2015-03-27 10:11:44 5240 [Note] Shutting down plugin 'INNODB_LOCKS'
2015-03-27 10:11:44 5240 [Note] Shutting down plugin 'INNODB_TRX'
2015-03-27 10:11:44 5240 [Note] Shutting down plugin 'InnoDB'
2015-03-27 10:11:44 5240 [Note] InnoDB: FTS optimize thread exiting.
2015-03-27 10:11:44 5240 [Note] InnoDB: Starting shutdown...
2015-03-27 10:11:46 5240 [Note] InnoDB: Shutdown completed; log sequence number 12987010
2015-03-27 10:11:46 5240 [Note] Shutting down plugin 'BLACKHOLE'
2015-03-27 10:11:46 5240 [Note] Shutting down plugin 'ARCHIVE'
2015-03-27 10:11:46 5240 [Note] Shutting down plugin 'MRG_MYISAM'
2015-03-27 10:11:46 5240 [Note] Shutting down plugin 'MyISAM'
2015-03-27 10:11:46 5240 [Note] Shutting down plugin 'MEMORY'
2015-03-27 10:11:46 5240 [Note] Shutting down plugin 'CSV'
2015-03-27 10:11:46 5240 [Note] Shutting down plugin 'sha256_password'
2015-03-27 10:11:46 5240 [Note] Shutting down plugin 'mysql_old_password'
2015-03-27 10:11:46 5240 [Note] Shutting down plugin 'mysql_native_password'
2015-03-27 10:11:46 5240 [Note] Shutting down plugin 'binlog'
2015-03-27 10:11:47 5240 [Note] wampmysqld64: Shutdown complete

2015-03-27 17:27:34 5356 [Note] Plugin 'FEDERATED' is disabled.
2015-03-27 17:27:34 5356 [Note] InnoDB: Using atomics to ref count buffer pool pages
2015-03-27 17:27:34 5356 [Note] InnoDB: The InnoDB memory heap is disabled
2015-03-27 17:27:34 5356 [Note] InnoDB: Mutexes and rw_locks use Windows interlocked functions
2015-03-27 17:27:34 5356 [Note] InnoDB: Compressed tables use zlib 1.2.3
2015-03-27 17:27:34 5356 [Note] InnoDB: Not using CPU crc32 instructions
2015-03-27 17:27:34 5356 [Note] InnoDB: Initializing buffer pool, size = 128.0M
2015-03-27 17:27:34 5356 [Note] InnoDB: Completed initialization of buffer pool
2015-03-27 17:27:34 5356 [Note] InnoDB: Highest supported file format is Barracuda.
2015-03-27 17:27:36 5356 [Note] InnoDB: 128 rollback segment(s) are active.
2015-03-27 17:27:36 5356 [Note] InnoDB: Waiting for purge to start
2015-03-27 17:27:36 5356 [Note] InnoDB: 5.6.17 started; log sequence number 12987010
2015-03-27 17:27:36 5356 [Note] Server hostname (bind-address): '*'; port: 3306
2015-03-27 17:27:36 5356 [Note] IPv6 is available.
2015-03-27 17:27:36 5356 [Note]   - '::' resolves to '::';
2015-03-27 17:27:36 5356 [Note] Server socket created on IP: '::'.
2015-03-27 17:27:37 5356 [Note] Event Scheduler: Loaded 0 events
2015-03-27 17:27:37 5356 [Note] wampmysqld64: ready for connections.
Version: '5.6.17'  socket: ''  port: 3306  MySQL Community Server (GPL)
2015-03-28 16:39:44 5356 [Note] wampmysqld64: Normal shutdown

2015-03-28 16:39:44 5356 [Note] Giving 0 client threads a chance to die gracefully
2015-03-28 16:39:44 5356 [Note] Event Scheduler: Purging the queue. 0 events
2015-03-28 16:39:44 5356 [Note] Shutting down slave threads
2015-03-28 16:39:44 5356 [Note] Forcefully disconnecting 0 remaining clients
2015-03-28 16:39:44 5356 [Note] Binlog end
2015-03-28 16:39:44 5356 [Note] Shutting down plugin 'partition'
2015-03-28 16:39:44 5356 [Note] Shutting down plugin 'PERFORMANCE_SCHEMA'
2015-03-28 16:39:44 5356 [Note] Shutting down plugin 'INNODB_SYS_DATAFILES'
2015-03-28 16:39:45 5356 [Note] Shutting down plugin 'INNODB_SYS_TABLESPACES'
2015-03-28 16:39:45 5356 [Note] Shutting down plugin 'INNODB_SYS_FOREIGN_COLS'
2015-03-28 16:39:45 5356 [Note] Shutting down plugin 'INNODB_SYS_FOREIGN'
2015-03-28 16:39:45 5356 [Note] Shutting down plugin 'INNODB_SYS_FIELDS'
2015-03-28 16:39:45 5356 [Note] Shutting down plugin 'INNODB_SYS_COLUMNS'
2015-03-28 16:39:45 5356 [Note] Shutting down plugin 'INNODB_SYS_INDEXES'
2015-03-28 16:39:45 5356 [Note] Shutting down plugin 'INNODB_SYS_TABLESTATS'
2015-03-28 16:39:45 5356 [Note] Shutting down plugin 'INNODB_SYS_TABLES'
2015-03-28 16:39:45 5356 [Note] Shutting down plugin 'INNODB_FT_INDEX_TABLE'
2015-03-28 16:39:45 5356 [Note] Shutting down plugin 'INNODB_FT_INDEX_CACHE'
2015-03-28 16:39:45 5356 [Note] Shutting down plugin 'INNODB_FT_CONFIG'
2015-03-28 16:39:45 5356 [Note] Shutting down plugin 'INNODB_FT_BEING_DELETED'
2015-03-28 16:39:45 5356 [Note] Shutting down plugin 'INNODB_FT_DELETED'
2015-03-28 16:39:45 5356 [Note] Shutting down plugin 'INNODB_FT_DEFAULT_STOPWORD'
2015-03-28 16:39:45 5356 [Note] Shutting down plugin 'INNODB_METRICS'
2015-03-28 16:39:45 5356 [Note] Shutting down plugin 'INNODB_BUFFER_POOL_STATS'
2015-03-28 16:39:45 5356 [Note] Shutting down plugin 'INNODB_BUFFER_PAGE_LRU'
2015-03-28 16:39:45 5356 [Note] Shutting down plugin 'INNODB_BUFFER_PAGE'
2015-03-28 16:39:45 5356 [Note] Shutting down plugin 'INNODB_CMP_PER_INDEX_RESET'
2015-03-28 16:39:45 5356 [Note] Shutting down plugin 'INNODB_CMP_PER_INDEX'
2015-03-28 16:39:45 5356 [Note] Shutting down plugin 'INNODB_CMPMEM_RESET'
2015-03-28 16:39:45 5356 [Note] Shutting down plugin 'INNODB_CMPMEM'
2015-03-28 16:39:45 5356 [Note] Shutting down plugin 'INNODB_CMP_RESET'
2015-03-28 16:39:45 5356 [Note] Shutting down plugin 'INNODB_CMP'
2015-03-28 16:39:45 5356 [Note] Shutting down plugin 'INNODB_LOCK_WAITS'
2015-03-28 16:39:45 5356 [Note] Shutting down plugin 'INNODB_LOCKS'
2015-03-28 16:39:45 5356 [Note] Shutting down plugin 'INNODB_TRX'
2015-03-28 16:39:45 5356 [Note] Shutting down plugin 'InnoDB'
2015-03-28 16:39:45 5356 [Note] InnoDB: FTS optimize thread exiting.
2015-03-28 16:39:45 5356 [Note] InnoDB: Starting shutdown...
2015-03-28 16:39:51 5356 [Note] InnoDB: Shutdown completed; log sequence number 12987020
2015-03-28 16:39:51 5356 [Note] Shutting down plugin 'BLACKHOLE'
2015-03-28 16:39:51 5356 [Note] Shutting down plugin 'ARCHIVE'
2015-03-28 16:39:51 5356 [Note] Shutting down plugin 'MRG_MYISAM'
2015-03-28 16:39:51 5356 [Note] Shutting down plugin 'MyISAM'
2015-03-28 16:39:51 5356 [Note] Shutting down plugin 'MEMORY'
2015-03-28 16:39:51 5356 [Note] Shutting down plugin 'CSV'
2015-03-28 16:39:51 5356 [Note] Shutting down plugin 'sha256_password'
2015-03-28 16:39:51 5356 [Note] Shutting down plugin 'mysql_old_password'
2015-03-28 16:39:51 5356 [Note] Shutting down plugin 'mysql_native_password'
2015-03-28 16:39:51 5356 [Note] Shutting down plugin 'binlog'
2015-03-28 16:39:51 5356 [Note] wampmysqld64: Shutdown complete

2015-03-29 13:07:19 4840 [Note] Plugin 'FEDERATED' is disabled.
2015-03-29 13:07:19 4840 [Note] InnoDB: Using atomics to ref count buffer pool pages
2015-03-29 13:07:19 4840 [Note] InnoDB: The InnoDB memory heap is disabled
2015-03-29 13:07:19 4840 [Note] InnoDB: Mutexes and rw_locks use Windows interlocked functions
2015-03-29 13:07:19 4840 [Note] InnoDB: Compressed tables use zlib 1.2.3
2015-03-29 13:07:19 4840 [Note] InnoDB: Not using CPU crc32 instructions
2015-03-29 13:07:19 4840 [Note] InnoDB: Initializing buffer pool, size = 128.0M
2015-03-29 13:07:19 4840 [Note] InnoDB: Completed initialization of buffer pool
2015-03-29 13:07:19 4840 [Note] InnoDB: Highest supported file format is Barracuda.
2015-03-29 13:07:20 4840 [Note] InnoDB: 128 rollback segment(s) are active.
2015-03-29 13:07:21 4840 [Note] InnoDB: Waiting for purge to start
2015-03-29 13:07:21 4840 [Note] InnoDB: 5.6.17 started; log sequence number 12987020
2015-03-29 13:07:21 4840 [Note] Server hostname (bind-address): '*'; port: 3306
2015-03-29 13:07:21 4840 [Note] IPv6 is available.
2015-03-29 13:07:21 4840 [Note]   - '::' resolves to '::';
2015-03-29 13:07:21 4840 [Note] Server socket created on IP: '::'.
2015-03-29 13:07:21 4840 [Note] Event Scheduler: Loaded 0 events
2015-03-29 13:07:21 4840 [Note] wampmysqld64: ready for connections.
Version: '5.6.17'  socket: ''  port: 3306  MySQL Community Server (GPL)
2015-03-30 15:49:18 4840 [Note] wampmysqld64: Normal shutdown

2015-03-30 15:49:18 4840 [Note] Giving 0 client threads a chance to die gracefully
2015-03-30 15:49:18 4840 [Note] Event Scheduler: Purging the queue. 0 events
2015-03-30 15:49:18 4840 [Note] Shutting down slave threads
2015-03-30 15:49:18 4840 [Note] Forcefully disconnecting 0 remaining clients
2015-03-30 15:49:18 4840 [Note] Binlog end
2015-03-30 15:49:18 4840 [Note] Shutting down plugin 'partition'
2015-03-30 15:49:18 4840 [Note] Shutting down plugin 'PERFORMANCE_SCHEMA'
2015-03-30 15:49:18 4840 [Note] Shutting down plugin 'INNODB_SYS_DATAFILES'
2015-03-30 15:49:18 4840 [Note] Shutting down plugin 'INNODB_SYS_TABLESPACES'
2015-03-30 15:49:18 4840 [Note] Shutting down plugin 'INNODB_SYS_FOREIGN_COLS'
2015-03-30 15:49:18 4840 [Note] Shutting down plugin 'INNODB_SYS_FOREIGN'
2015-03-30 15:49:18 4840 [Note] Shutting down plugin 'INNODB_SYS_FIELDS'
2015-03-30 15:49:18 4840 [Note] Shutting down plugin 'INNODB_SYS_COLUMNS'
2015-03-30 15:49:18 4840 [Note] Shutting down plugin 'INNODB_SYS_INDEXES'
2015-03-30 15:49:18 4840 [Note] Shutting down plugin 'INNODB_SYS_TABLESTATS'
2015-03-30 15:49:18 4840 [Note] Shutting down plugin 'INNODB_SYS_TABLES'
2015-03-30 15:49:18 4840 [Note] Shutting down plugin 'INNODB_FT_INDEX_TABLE'
2015-03-30 15:49:18 4840 [Note] Shutting down plugin 'INNODB_FT_INDEX_CACHE'
2015-03-30 15:49:18 4840 [Note] Shutting down plugin 'INNODB_FT_CONFIG'
2015-03-30 15:49:18 4840 [Note] Shutting down plugin 'INNODB_FT_BEING_DELETED'
2015-03-30 15:49:18 4840 [Note] Shutting down plugin 'INNODB_FT_DELETED'
2015-03-30 15:49:18 4840 [Note] Shutting down plugin 'INNODB_FT_DEFAULT_STOPWORD'
2015-03-30 15:49:18 4840 [Note] Shutting down plugin 'INNODB_METRICS'
2015-03-30 15:49:18 4840 [Note] Shutting down plugin 'INNODB_BUFFER_POOL_STATS'
2015-03-30 15:49:18 4840 [Note] Shutting down plugin 'INNODB_BUFFER_PAGE_LRU'
2015-03-30 15:49:18 4840 [Note] Shutting down plugin 'INNODB_BUFFER_PAGE'
2015-03-30 15:49:18 4840 [Note] Shutting down plugin 'INNODB_CMP_PER_INDEX_RESET'
2015-03-30 15:49:18 4840 [Note] Shutting down plugin 'INNODB_CMP_PER_INDEX'
2015-03-30 15:49:18 4840 [Note] Shutting down plugin 'INNODB_CMPMEM_RESET'
2015-03-30 15:49:18 4840 [Note] Shutting down plugin 'INNODB_CMPMEM'
2015-03-30 15:49:18 4840 [Note] Shutting down plugin 'INNODB_CMP_RESET'
2015-03-30 15:49:18 4840 [Note] Shutting down plugin 'INNODB_CMP'
2015-03-30 15:49:18 4840 [Note] Shutting down plugin 'INNODB_LOCK_WAITS'
2015-03-30 15:49:18 4840 [Note] Shutting down plugin 'INNODB_LOCKS'
2015-03-30 15:49:18 4840 [Note] Shutting down plugin 'INNODB_TRX'
2015-03-30 15:49:18 4840 [Note] Shutting down plugin 'InnoDB'
2015-03-30 15:49:18 4840 [Note] InnoDB: FTS optimize thread exiting.
2015-03-30 15:49:18 4840 [Note] InnoDB: Starting shutdown...
2015-03-30 15:49:20 4840 [Note] InnoDB: Shutdown completed; log sequence number 36101190
2015-03-30 15:49:20 4840 [Note] Shutting down plugin 'BLACKHOLE'
2015-03-30 15:49:20 4840 [Note] Shutting down plugin 'ARCHIVE'
2015-03-30 15:49:20 4840 [Note] Shutting down plugin 'MRG_MYISAM'
2015-03-30 15:49:20 4840 [Note] Shutting down plugin 'MyISAM'
2015-03-30 15:49:20 4840 [Note] Shutting down plugin 'MEMORY'
2015-03-30 15:49:20 4840 [Note] Shutting down plugin 'CSV'
2015-03-30 15:49:20 4840 [Note] Shutting down plugin 'sha256_password'
2015-03-30 15:49:20 4840 [Note] Shutting down plugin 'mysql_old_password'
2015-03-30 15:49:20 4840 [Note] Shutting down plugin 'mysql_native_password'
2015-03-30 15:49:20 4840 [Note] Shutting down plugin 'binlog'
2015-03-30 15:49:20 4840 [Note] wampmysqld64: Shutdown complete

2015-03-30 15:49:24 9608 [Note] Plugin 'FEDERATED' is disabled.
2015-03-30 15:49:24 9608 [Note] InnoDB: Using atomics to ref count buffer pool pages
2015-03-30 15:49:24 9608 [Note] InnoDB: The InnoDB memory heap is disabled
2015-03-30 15:49:24 9608 [Note] InnoDB: Mutexes and rw_locks use Windows interlocked functions
2015-03-30 15:49:24 9608 [Note] InnoDB: Compressed tables use zlib 1.2.3
2015-03-30 15:49:24 9608 [Note] InnoDB: Not using CPU crc32 instructions
2015-03-30 15:49:24 9608 [Note] InnoDB: Initializing buffer pool, size = 128.0M
2015-03-30 15:49:24 9608 [Note] InnoDB: Completed initialization of buffer pool
2015-03-30 15:49:25 9608 [Note] InnoDB: Highest supported file format is Barracuda.
2015-03-30 15:49:25 9608 [Note] InnoDB: 128 rollback segment(s) are active.
2015-03-30 15:49:26 9608 [Note] InnoDB: Waiting for purge to start
2015-03-30 15:49:26 9608 [Note] InnoDB: 5.6.17 started; log sequence number 36101190
2015-03-30 15:49:26 9608 [Note] Server hostname (bind-address): '*'; port: 3306
2015-03-30 15:49:26 9608 [Note] IPv6 is available.
2015-03-30 15:49:26 9608 [Note]   - '::' resolves to '::';
2015-03-30 15:49:26 9608 [Note] Server socket created on IP: '::'.
2015-03-30 15:49:26 9608 [Note] Event Scheduler: Loaded 0 events
2015-03-30 15:49:26 9608 [Note] wampmysqld64: ready for connections.
Version: '5.6.17'  socket: ''  port: 3306  MySQL Community Server (GPL)
2015-04-03 12:10:50 9608 [Note] wampmysqld64: Normal shutdown

2015-04-03 12:10:50 9608 [Note] Giving 0 client threads a chance to die gracefully
2015-04-03 12:10:50 9608 [Note] Event Scheduler: Purging the queue. 0 events
2015-04-03 12:10:50 9608 [Note] Shutting down slave threads
2015-04-03 12:10:50 9608 [Note] Forcefully disconnecting 0 remaining clients
2015-04-03 12:10:50 9608 [Note] Binlog end
2015-04-03 12:10:51 9608 [Note] Shutting down plugin 'partition'
2015-04-03 12:10:51 9608 [Note] Shutting down plugin 'PERFORMANCE_SCHEMA'
2015-04-03 12:10:51 9608 [Note] Shutting down plugin 'INNODB_SYS_DATAFILES'
2015-04-03 12:10:51 9608 [Note] Shutting down plugin 'INNODB_SYS_TABLESPACES'
2015-04-03 12:10:51 9608 [Note] Shutting down plugin 'INNODB_SYS_FOREIGN_COLS'
2015-04-03 12:10:51 9608 [Note] Shutting down plugin 'INNODB_SYS_FOREIGN'
2015-04-03 12:10:51 9608 [Note] Shutting down plugin 'INNODB_SYS_FIELDS'
2015-04-03 12:10:51 9608 [Note] Shutting down plugin 'INNODB_SYS_COLUMNS'
2015-04-03 12:10:51 9608 [Note] Shutting down plugin 'INNODB_SYS_INDEXES'
2015-04-03 12:10:51 9608 [Note] Shutting down plugin 'INNODB_SYS_TABLESTATS'
2015-04-03 12:10:51 9608 [Note] Shutting down plugin 'INNODB_SYS_TABLES'
2015-04-03 12:10:51 9608 [Note] Shutting down plugin 'INNODB_FT_INDEX_TABLE'
2015-04-03 12:10:51 9608 [Note] Shutting down plugin 'INNODB_FT_INDEX_CACHE'
2015-04-03 12:10:51 9608 [Note] Shutting down plugin 'INNODB_FT_CONFIG'
2015-04-03 12:10:51 9608 [Note] Shutting down plugin 'INNODB_FT_BEING_DELETED'
2015-04-03 12:10:51 9608 [Note] Shutting down plugin 'INNODB_FT_DELETED'
2015-04-03 12:10:51 9608 [Note] Shutting down plugin 'INNODB_FT_DEFAULT_STOPWORD'
2015-04-03 12:10:51 9608 [Note] Shutting down plugin 'INNODB_METRICS'
2015-04-03 12:10:51 9608 [Note] Shutting down plugin 'INNODB_BUFFER_POOL_STATS'
2015-04-03 12:10:51 9608 [Note] Shutting down plugin 'INNODB_BUFFER_PAGE_LRU'
2015-04-03 12:10:51 9608 [Note] Shutting down plugin 'INNODB_BUFFER_PAGE'
2015-04-03 12:10:51 9608 [Note] Shutting down plugin 'INNODB_CMP_PER_INDEX_RESET'
2015-04-03 12:10:51 9608 [Note] Shutting down plugin 'INNODB_CMP_PER_INDEX'
2015-04-03 12:10:51 9608 [Note] Shutting down plugin 'INNODB_CMPMEM_RESET'
2015-04-03 12:10:51 9608 [Note] Shutting down plugin 'INNODB_CMPMEM'
2015-04-03 12:10:51 9608 [Note] Shutting down plugin 'INNODB_CMP_RESET'
2015-04-03 12:10:51 9608 [Note] Shutting down plugin 'INNODB_CMP'
2015-04-03 12:10:51 9608 [Note] Shutting down plugin 'INNODB_LOCK_WAITS'
2015-04-03 12:10:51 9608 [Note] Shutting down plugin 'INNODB_LOCKS'
2015-04-03 12:10:51 9608 [Note] Shutting down plugin 'INNODB_TRX'
2015-04-03 12:10:51 9608 [Note] Shutting down plugin 'InnoDB'
2015-04-03 12:10:51 9608 [Note] InnoDB: FTS optimize thread exiting.
2015-04-03 12:10:51 9608 [Note] InnoDB: Starting shutdown...
2015-04-03 12:10:52 9608 [Note] InnoDB: Shutdown completed; log sequence number 64737762
2015-04-03 12:10:52 9608 [Note] Shutting down plugin 'BLACKHOLE'
2015-04-03 12:10:52 9608 [Note] Shutting down plugin 'ARCHIVE'
2015-04-03 12:10:52 9608 [Note] Shutting down plugin 'MRG_MYISAM'
2015-04-03 12:10:52 9608 [Note] Shutting down plugin 'MyISAM'
2015-04-03 12:10:52 9608 [Note] Shutting down plugin 'MEMORY'
2015-04-03 12:10:52 9608 [Note] Shutting down plugin 'CSV'
2015-04-03 12:10:52 9608 [Note] Shutting down plugin 'sha256_password'
2015-04-03 12:10:52 9608 [Note] Shutting down plugin 'mysql_old_password'
2015-04-03 12:10:52 9608 [Note] Shutting down plugin 'mysql_native_password'
2015-04-03 12:10:52 9608 [Note] Shutting down plugin 'binlog'
2015-04-03 12:10:52 9608 [Note] wampmysqld64: Shutdown complete

2015-04-03 12:13:11 9112 [Note] Plugin 'FEDERATED' is disabled.
2015-04-03 12:13:11 9112 [Note] InnoDB: Using atomics to ref count buffer pool pages
2015-04-03 12:13:11 9112 [Note] InnoDB: The InnoDB memory heap is disabled
2015-04-03 12:13:11 9112 [Note] InnoDB: Mutexes and rw_locks use Windows interlocked functions
2015-04-03 12:13:11 9112 [Note] InnoDB: Compressed tables use zlib 1.2.3
2015-04-03 12:13:11 9112 [Note] InnoDB: Not using CPU crc32 instructions
2015-04-03 12:13:11 9112 [Note] InnoDB: Initializing buffer pool, size = 128.0M
2015-04-03 12:13:11 9112 [Note] InnoDB: Completed initialization of buffer pool
2015-04-03 12:13:12 9112 [Note] InnoDB: Highest supported file format is Barracuda.
2015-04-03 12:13:12 9112 [Note] InnoDB: 128 rollback segment(s) are active.
2015-04-03 12:13:12 9112 [Note] InnoDB: Waiting for purge to start
2015-04-03 12:13:12 9112 [Note] InnoDB: 5.6.17 started; log sequence number 1625977
2015-04-03 12:13:12 9112 [Note] Server hostname (bind-address): '*'; port: 3306
2015-04-03 12:13:12 9112 [Note] IPv6 is available.
2015-04-03 12:13:12 9112 [Note]   - '::' resolves to '::';
2015-04-03 12:13:12 9112 [Note] Server socket created on IP: '::'.
2015-04-03 12:13:12 9112 [Note] Event Scheduler: Loaded 0 events
2015-04-03 12:13:12 9112 [Note] wampmysqld64: ready for connections.
Version: '5.6.17'  socket: ''  port: 3306  MySQL Community Server (GPL)
